<?xml version="1.0" encoding="UTF-8"?>
<!-- Generated by org.testng.reporters.JUnitXMLReporter -->
<testsuite hostname="User-PC" ignored="0" name="Test" tests="2" failures="0" timestamp="31 Aug 2020 16:25:55 GMT" time="89.567" errors="0">
  <testcase name="productCartTest" time="25.347" classname="com.onedayscriptsTPersonalCare.addPersonalCareProductToCart"/>
  <testcase name="productCartTest" time="22.945" classname="com.onedayscriptsTPersonalCare.addProductToWishlist"/>
</testsuite> <!-- Test -->
